  Avatar.cpp
D:\Pacman\Pacman\Vector2f.h(70,14): warning C4244: 'return': conversion from 'double' to 'float', possible loss of data
D:\Pacman\Pacman\Avatar.cpp(13,59): warning C4244: 'argument': conversion from 'int' to 'float', possible loss of data
D:\Pacman\Pacman\Avatar.cpp(13,35): warning C4244: 'argument': conversion from 'int' to 'float', possible loss of data
  BigDot.cpp
D:\Pacman\Pacman\Vector2f.h(70,14): warning C4244: 'return': conversion from 'double' to 'float', possible loss of data
  Cherry.cpp
D:\Pacman\Pacman\Vector2f.h(70,14): warning C4244: 'return': conversion from 'double' to 'float', possible loss of data
  Dot.cpp
D:\Pacman\Pacman\Vector2f.h(70,14): warning C4244: 'return': conversion from 'double' to 'float', possible loss of data
  Drawer.cpp
  Game.cpp
D:\Pacman\Pacman\Vector2f.h(70,14): warning C4244: 'return': conversion from 'double' to 'float', possible loss of data
  GameEntity.cpp
D:\Pacman\Pacman\Vector2f.h(70,14): warning C4244: 'return': conversion from 'double' to 'float', possible loss of data
  Ghost.cpp
D:\Pacman\Pacman\Vector2f.h(70,14): warning C4244: 'return': conversion from 'double' to 'float', possible loss of data
D:\Pacman\Pacman\Ghost.cpp(64,59): warning C4244: 'argument': conversion from 'int' to 'float', possible loss of data
D:\Pacman\Pacman\Ghost.cpp(64,35): warning C4244: 'argument': conversion from 'int' to 'float', possible loss of data
  main.cpp
D:\Pacman\Pacman\Vector2f.h(70,14): warning C4244: 'return': conversion from 'double' to 'float', possible loss of data
  MovableGameEntity.cpp
D:\Pacman\Pacman\Vector2f.h(70,14): warning C4244: 'return': conversion from 'double' to 'float', possible loss of data
D:\Pacman\Pacman\MovableGameEntity.cpp(5,49): warning C4244: '=': conversion from 'float' to 'int', possible loss of data
D:\Pacman\Pacman\MovableGameEntity.cpp(6,49): warning C4244: '=': conversion from 'float' to 'int', possible loss of data
  Pacman.cpp
D:\Pacman\Pacman\Vector2f.h(70,14): warning C4244: 'return': conversion from 'double' to 'float', possible loss of data
D:\Pacman\Pacman\Pacman.cpp(161,16): warning C4244: 'initializing': conversion from 'float' to 'int', possible loss of data
D:\Pacman\Pacman\Pacman.cpp(162,16): warning C4244: 'initializing': conversion from 'float' to 'int', possible loss of data
  PathmapTile.cpp
  AssetManager.cpp
  StaticGameEntity.cpp
D:\Pacman\Pacman\Vector2f.h(70,14): warning C4244: 'return': conversion from 'double' to 'float', possible loss of data
  Vector2f.cpp
D:\Pacman\Pacman\Vector2f.h(70,14): warning C4244: 'return': conversion from 'double' to 'float', possible loss of data
  World.cpp
D:\Pacman\Pacman\Vector2f.h(70,14): warning C4244: 'return': conversion from 'double' to 'float', possible loss of data
D:\Pacman\Pacman\World.cpp(58,49): warning C4244: 'argument': conversion from 'int' to 'float', possible loss of data
D:\Pacman\Pacman\World.cpp(58,35): warning C4244: 'argument': conversion from 'unsigned int' to 'float', possible loss of data
D:\Pacman\Pacman\World.cpp(83,55): warning C4244: 'argument': conversion from 'int' to 'float', possible loss of data
D:\Pacman\Pacman\World.cpp(83,41): warning C4244: 'argument': conversion from 'unsigned int' to 'float', possible loss of data
  Generating Code...
LINK : fatal error LNK1561: entry point must be defined
