d:\pacman\pacman\debug\vc143.pdb
d:\pacman\pacman\debug\vc143.idb
d:\pacman\pacman\debug\world.obj
d:\pacman\pacman\debug\vector2f.obj
d:\pacman\pacman\debug\staticgameentity.obj
d:\pacman\pacman\debug\assetmanager.obj
d:\pacman\pacman\debug\pathmaptile.obj
d:\pacman\pacman\debug\pacman.obj
d:\pacman\pacman\debug\movablegameentity.obj
d:\pacman\pacman\debug\main.obj
d:\pacman\pacman\debug\ghost.obj
d:\pacman\pacman\debug\gameentity.obj
d:\pacman\pacman\debug\game.obj
d:\pacman\pacman\debug\drawer.obj
d:\pacman\pacman\debug\dot.obj
d:\pacman\pacman\debug\cherry.obj
d:\pacman\pacman\debug\bigdot.obj
d:\pacman\pacman\debug\avatar.obj
d:\pacman\debug\pacman.exe
d:\pacman\pacman\debug\pacman.ilk
d:\pacman\debug\pacman.pdb
d:\pacman\pacman\debug\resourcemanager.obj
d:\pacman\pacman\debug\vc142.idb
d:\pacman\pacman\debug\vc142.pdb
d:\pacman\pacman\debug\pacman.tlog\cl.command.1.tlog
d:\pacman\pacman\debug\pacman.tlog\cl.read.1.tlog
d:\pacman\pacman\debug\pacman.tlog\cl.write.1.tlog
d:\pacman\pacman\debug\pacman.tlog\link.command.1.tlog
d:\pacman\pacman\debug\pacman.tlog\link.read.1.tlog
d:\pacman\pacman\debug\pacman.tlog\link.write.1.tlog
